[debug] [2020-11-16T03:31:29.933Z] ----------------------------------------------------------------------
[debug] [2020-11-16T03:31:29.936Z] Command:       /usr/local/bin/firebase /home/mugambi-ian/.cache/firebase/tools/lib/node_modules/firebase-tools/lib/bin/firebase deploy --only functions
[debug] [2020-11-16T03:31:29.937Z] CLI Version:   8.4.3
[debug] [2020-11-16T03:31:29.937Z] Platform:      linux
[debug] [2020-11-16T03:31:29.937Z] Node Version:  v12.16.1
[debug] [2020-11-16T03:31:29.970Z] Time:          Mon Nov 16 2020 06:31:29 GMT+0300 (East Africa Time)
[debug] [2020-11-16T03:31:29.970Z] ----------------------------------------------------------------------
[debug] [2020-11-16T03:31:29.970Z] 
[debug] [2020-11-16T03:31:30.042Z] > command requires scopes: ["email","openid","https://www.googleapis.com/auth/cloudplatformprojects.readonly","https://www.googleapis.com/auth/firebase","https://www.googleapis.com/auth/cloud-platform"]
[debug] [2020-11-16T03:31:30.043Z] > authorizing via signed-in user
[debug] [2020-11-16T03:31:30.043Z] [iam] checking project e-toto-vaccine for permissions ["cloudfunctions.functions.create","cloudfunctions.functions.delete","cloudfunctions.functions.get","cloudfunctions.functions.list","cloudfunctions.functions.update","cloudfunctions.operations.get","firebase.projects.get"]
[debug] [2020-11-16T03:31:30.060Z] >>> HTTP REQUEST POST https://cloudresourcemanager.googleapis.com/v1/projects/e-toto-vaccine:testIamPermissions  
 {"permissions":["cloudfunctions.functions.create","cloudfunctions.functions.delete","cloudfunctions.functions.get","cloudfunctions.functions.list","cloudfunctions.functions.update","cloudfunctions.operations.get","firebase.projects.get"]}
[debug] [2020-11-16T03:31:32.527Z] <<< HTTP RESPONSE 200 {"content-type":"application/json; charset=UTF-8","vary":"X-Origin, Referer, Origin,Accept-Encoding","date":"Mon, 16 Nov 2020 03:31:32 GMT","server":"ESF","cache-control":"private","x-xss-protection":"0","x-frame-options":"SAMEORIGIN","x-content-type-options":"nosniff","server-timing":"gfet4t7; dur=1552","alt-svc":"h3-Q050=\":443\"; ma=2592000,h3-29=\":443\"; ma=2592000,h3-T051=\":443\"; ma=2592000,h3-Q046=\":443\"; ma=2592000,h3-Q043=\":443\"; ma=2592000,quic=\":443\"; ma=2592000; v=\"46,43\"","accept-ranges":"none","transfer-encoding":"chunked"}
[debug] [2020-11-16T03:31:32.529Z] >>> HTTP REQUEST POST https://iam.googleapis.com/v1/projects/e-toto-vaccine/serviceAccounts/e-toto-vaccine@appspot.gserviceaccount.com:testIamPermissions  
 {"permissions":["iam.serviceAccounts.actAs"]}
[debug] [2020-11-16T03:31:35.075Z] <<< HTTP RESPONSE 200 {"content-type":"application/json; charset=UTF-8","vary":"X-Origin, Referer, Origin,Accept-Encoding","date":"Mon, 16 Nov 2020 03:31:34 GMT","server":"ESF","cache-control":"private","x-xss-protection":"0","x-frame-options":"SAMEORIGIN","x-content-type-options":"nosniff","alt-svc":"h3-Q050=\":443\"; ma=2592000,h3-29=\":443\"; ma=2592000,h3-T051=\":443\"; ma=2592000,h3-Q046=\":443\"; ma=2592000,h3-Q043=\":443\"; ma=2592000,quic=\":443\"; ma=2592000; v=\"46,43\"","accept-ranges":"none","transfer-encoding":"chunked"}
[info] 
[info] === Deploying to 'e-toto-vaccine'...
[info] 
[info] i  deploying functions 
[info] Running command: npm --prefix "$RESOURCE_DIR" run lint
[info] ✔  functions: Finished running predeploy script. 
[debug] [2020-11-16T03:31:54.009Z] > [functions] package.json contents: {
  "name": "functions",
  "description": "Cloud Functions for Firebase",
  "scripts": {
    "lint": "eslint .",
    "serve": "firebase emulators:start --only functions",
    "shell": "firebase functions:shell",
    "start": "npm run shell",
    "deploy": "firebase deploy --only functions",
    "logs": "firebase functions:log"
  },
  "engines": {
    "node": "8"
  },
  "dependencies": {
    "cors": "^2.8.5",
    "firebase-admin": "^8.10.0",
    "firebase-functions": "^3.6.1",
    "googleapis": "^64.0.0"
  },
  "devDependencies": {
    "eslint": "^5.12.0",
    "eslint-plugin-promise": "^4.0.1",
    "firebase-functions-test": "^0.2.0"
  },
  "private": true
}
[info] i  functions: ensuring required API cloudfunctions.googleapis.com is enabled... 
[debug] [2020-11-16T03:31:56.259Z] [functions] runtime dependency check dates: warning: 2020-05-21T00:00:00.000Z error: 2020-07-09T00:00:00.000Z
[warn] 
[warn] ⚠  functions: The Node.js 8 runtime is deprecated and will be decommissioned on 2020-12-05. For more information, see: https://firebase.google.com/support/faq#functions-runtime 
[warn] 
[debug] [2020-11-16T03:31:56.262Z] >>> HTTP REQUEST GET https://serviceusage.googleapis.com/v1/projects/e-toto-vaccine/services/cloudfunctions.googleapis.com  
 
[debug] [2020-11-16T03:31:56.264Z] >>> HTTP REQUEST GET https://serviceusage.googleapis.com/v1/projects/e-toto-vaccine/services/runtimeconfig.googleapis.com  
 
[debug] [2020-11-16T03:31:58.911Z] <<< HTTP RESPONSE 200 {"content-type":"application/json; charset=UTF-8","vary":"X-Origin, Referer, Origin,Accept-Encoding","date":"Mon, 16 Nov 2020 03:31:58 GMT","server":"ESF","cache-control":"private","x-xss-protection":"0","x-frame-options":"SAMEORIGIN","x-content-type-options":"nosniff","alt-svc":"h3-Q050=\":443\"; ma=2592000,h3-29=\":443\"; ma=2592000,h3-T051=\":443\"; ma=2592000,h3-Q046=\":443\"; ma=2592000,h3-Q043=\":443\"; ma=2592000,quic=\":443\"; ma=2592000; v=\"46,43\"","accept-ranges":"none","transfer-encoding":"chunked"}
[debug] [2020-11-16T03:31:58.988Z] <<< HTTP RESPONSE 200 {"content-type":"application/json; charset=UTF-8","vary":"X-Origin, Referer, Origin,Accept-Encoding","date":"Mon, 16 Nov 2020 03:31:58 GMT","server":"ESF","cache-control":"private","x-xss-protection":"0","x-frame-options":"SAMEORIGIN","x-content-type-options":"nosniff","alt-svc":"h3-Q050=\":443\"; ma=2592000,h3-29=\":443\"; ma=2592000,h3-T051=\":443\"; ma=2592000,h3-Q046=\":443\"; ma=2592000,h3-Q043=\":443\"; ma=2592000,quic=\":443\"; ma=2592000; v=\"46,43\"","accept-ranges":"none","transfer-encoding":"chunked"}
[info] ✔  functions: required API cloudfunctions.googleapis.com is enabled 
[debug] [2020-11-16T03:31:58.990Z] >>> HTTP REQUEST GET https://firebase.googleapis.com/v1beta1/projects/e-toto-vaccine/adminSdkConfig  
 
[debug] [2020-11-16T03:31:59.756Z] <<< HTTP RESPONSE 200 {"content-type":"application/json; charset=UTF-8","vary":"X-Origin, Referer, Origin,Accept-Encoding","date":"Mon, 16 Nov 2020 03:31:59 GMT","server":"ESF","cache-control":"private","x-xss-protection":"0","x-frame-options":"SAMEORIGIN","x-content-type-options":"nosniff","alt-svc":"h3-Q050=\":443\"; ma=2592000,h3-29=\":443\"; ma=2592000,h3-T051=\":443\"; ma=2592000,h3-Q046=\":443\"; ma=2592000,h3-Q043=\":443\"; ma=2592000,quic=\":443\"; ma=2592000; v=\"46,43\"","accept-ranges":"none","transfer-encoding":"chunked"}
[info] i  functions: preparing functions directory for uploading... 
[debug] [2020-11-16T03:31:59.763Z] >>> HTTP REQUEST GET https://runtimeconfig.googleapis.com/v1beta1/projects/e-toto-vaccine/configs  
 
[debug] [2020-11-16T03:32:01.188Z] <<< HTTP RESPONSE 200 {"content-type":"application/json; charset=UTF-8","vary":"X-Origin, Referer, Origin,Accept-Encoding","date":"Mon, 16 Nov 2020 03:32:00 GMT","server":"ESF","cache-control":"private","x-xss-protection":"0","x-frame-options":"SAMEORIGIN","x-content-type-options":"nosniff","alt-svc":"h3-Q050=\":443\"; ma=2592000,h3-29=\":443\"; ma=2592000,h3-T051=\":443\"; ma=2592000,h3-Q046=\":443\"; ma=2592000,h3-Q043=\":443\"; ma=2592000,quic=\":443\"; ma=2592000; v=\"46,43\"","accept-ranges":"none","transfer-encoding":"chunked"}
[info] i  functions: packaged functions (43.82 KB) for uploading 
[debug] [2020-11-16T03:32:04.972Z] >>> HTTP REQUEST GET https://cloudfunctions.googleapis.com/v1/projects/e-toto-vaccine/locations/-/functions  
 
[debug] [2020-11-16T03:32:06.615Z] <<< HTTP RESPONSE 200 {"content-type":"application/json; charset=UTF-8","vary":"X-Origin, Referer, Origin,Accept-Encoding","date":"Mon, 16 Nov 2020 03:32:06 GMT","server":"ESF","cache-control":"private","x-xss-protection":"0","x-frame-options":"SAMEORIGIN","x-content-type-options":"nosniff","alt-svc":"h3-Q050=\":443\"; ma=2592000,h3-29=\":443\"; ma=2592000,h3-T051=\":443\"; ma=2592000,h3-Q046=\":443\"; ma=2592000,h3-Q043=\":443\"; ma=2592000,quic=\":443\"; ma=2592000; v=\"46,43\"","accept-ranges":"none","transfer-encoding":"chunked"}
[debug] [2020-11-16T03:32:06.621Z] [functions] found 1 new HTTP functions, testing setIamPolicy permission...
[debug] [2020-11-16T03:32:06.622Z] >>> HTTP REQUEST POST https://cloudresourcemanager.googleapis.com/v1/projects/e-toto-vaccine:testIamPermissions  
 {"permissions":["cloudfunctions.functions.setIamPolicy"]}
[debug] [2020-11-16T03:32:08.664Z] <<< HTTP RESPONSE 200 {"content-type":"application/json; charset=UTF-8","vary":"X-Origin, Referer, Origin,Accept-Encoding","date":"Mon, 16 Nov 2020 03:32:08 GMT","server":"ESF","cache-control":"private","x-xss-protection":"0","x-frame-options":"SAMEORIGIN","x-content-type-options":"nosniff","server-timing":"gfet4t7; dur=1582","alt-svc":"h3-Q050=\":443\"; ma=2592000,h3-29=\":443\"; ma=2592000,h3-T051=\":443\"; ma=2592000,h3-Q046=\":443\"; ma=2592000,h3-Q043=\":443\"; ma=2592000,quic=\":443\"; ma=2592000; v=\"46,43\"","accept-ranges":"none","transfer-encoding":"chunked"}
[debug] [2020-11-16T03:32:08.665Z] [functions] found setIamPolicy permission, proceeding with deploy
[debug] [2020-11-16T03:32:08.666Z] >>> HTTP REQUEST POST https://cloudfunctions.googleapis.com/v1/projects/e-toto-vaccine/locations/us-central1/functions:generateUploadUrl  
 
[debug] [2020-11-16T03:32:18.086Z] <<< HTTP RESPONSE 200 {"content-type":"application/json; charset=UTF-8","vary":"X-Origin, Referer, Origin,Accept-Encoding","date":"Mon, 16 Nov 2020 03:32:17 GMT","server":"ESF","cache-control":"private","x-xss-protection":"0","x-frame-options":"SAMEORIGIN","x-content-type-options":"nosniff","alt-svc":"h3-Q050=\":443\"; ma=2592000,h3-29=\":443\"; ma=2592000,h3-T051=\":443\"; ma=2592000,h3-Q046=\":443\"; ma=2592000,h3-Q043=\":443\"; ma=2592000,quic=\":443\"; ma=2592000; v=\"46,43\"","accept-ranges":"none","transfer-encoding":"chunked"}
[debug] [2020-11-16T03:32:18.087Z] >>> HTTP REQUEST PUT https://storage.googleapis.com/gcf-upload-us-central1-3710394d-1b5a-4cd8-a0af-5f3c27ec2f46/02c227ba-1c84-491d-8be6-961e99a6991b.zip?GoogleAccessId=service-387415949845@gcf-admin-robot.iam.gserviceaccount.com&Expires=1605499337&Signature=EDhiZWfTgycGrYgd3YKLRCLb%2FDNweo2E6jN9xy3Qjf7FtHIWm8UzuX%2BllKEmOJfDGqNSzMbyULkoD2eZO%2FX1ZSBzl84Q1oEDvfiIh6nCb9Z%2Fd6gTAKKySbCZb6WTUxqOc9G65%2FuSNbt0EcWZJH6%2BRwIfOPmFNfTxppsD%2F377sZCovdJU7mmmQGgv7IMfwDZbxu551DawNgEFagIyYAd%2Fvr%2BcnJbGDckPJDHszH%2BX8Cyjj32otFZNmzoOarDVIU0IFpvbChIbV33qvkiuP0F%2FpRA6O9%2FEP7XCjJYgB8dqtzodMNVfnYg1uR6XPSCFJCOH8wL3E0lTYtl9rru41pHkKA%3D%3D  
 <request body omitted>
[debug] [2020-11-16T03:32:19.724Z] <<< HTTP RESPONSE 200 {"x-guploader-uploadid":"ABg5-UxDuCx1UD4b0VnUADwfmDE7KPF-_53DxxXSDHgQIvkeuQFImj5uoivhUjM6j_IOE07E3Vl5yuiyKZiqS8QOgUb5JGx4Vg","etag":"\"060157c2af5e1883876da6d2bed197ec\"","x-goog-generation":"1605497539521157","x-goog-metageneration":"1","x-goog-hash":"crc32c=/FXS8Q==, md5=BgFXwq9eGIOHbabSvtGX7A==","x-goog-stored-content-length":"44875","x-goog-stored-content-encoding":"identity","vary":"Origin","content-length":"0","date":"Mon, 16 Nov 2020 03:32:19 GMT","server":"UploadServer","content-type":"text/html; charset=UTF-8","alt-svc":"h3-Q050=\":443\"; ma=2592000,h3-29=\":443\"; ma=2592000,h3-T051=\":443\"; ma=2592000,h3-Q046=\":443\"; ma=2592000,h3-Q043=\":443\"; ma=2592000,quic=\":443\"; ma=2592000; v=\"46,43\""}
[info] ✔  functions: functions folder uploaded successfully 
[info] i  functions: creating Node.js 8 function addEventToCalendar(us-central1)... 
[debug] [2020-11-16T03:32:19.731Z] Trigger is:  {"httpsTrigger":{}}
[debug] [2020-11-16T03:32:19.733Z] >>> HTTP REQUEST GET https://serviceusage.googleapis.com/v1/projects/e-toto-vaccine/services/cloudscheduler.googleapis.com  
 
[debug] [2020-11-16T03:32:21.893Z] <<< HTTP RESPONSE 200 {"content-type":"application/json; charset=UTF-8","vary":"X-Origin, Referer, Origin,Accept-Encoding","date":"Mon, 16 Nov 2020 03:32:21 GMT","server":"ESF","cache-control":"private","x-xss-protection":"0","x-frame-options":"SAMEORIGIN","x-content-type-options":"nosniff","alt-svc":"h3-Q050=\":443\"; ma=2592000,h3-29=\":443\"; ma=2592000,h3-T051=\":443\"; ma=2592000,h3-Q046=\":443\"; ma=2592000,h3-Q043=\":443\"; ma=2592000,quic=\":443\"; ma=2592000; v=\"46,43\"","accept-ranges":"none","transfer-encoding":"chunked"}
[debug] [2020-11-16T03:32:21.899Z] >>> HTTP REQUEST POST https://cloudfunctions.googleapis.com/v1/projects/e-toto-vaccine/locations/us-central1/functions  
 {"sourceUploadUrl":"https://storage.googleapis.com/gcf-upload-us-central1-3710394d-1b5a-4cd8-a0af-5f3c27ec2f46/02c227ba-1c84-491d-8be6-961e99a6991b.zip?GoogleAccessId=service-387415949845@gcf-admin-robot.iam.gserviceaccount.com&Expires=1605499337&Signature=EDhiZWfTgycGrYgd3YKLRCLb%2FDNweo2E6jN9xy3Qjf7FtHIWm8UzuX%2BllKEmOJfDGqNSzMbyULkoD2eZO%2FX1ZSBzl84Q1oEDvfiIh6nCb9Z%2Fd6gTAKKySbCZb6WTUxqOc9G65%2FuSNbt0EcWZJH6%2BRwIfOPmFNfTxppsD%2F377sZCovdJU7mmmQGgv7IMfwDZbxu551DawNgEFagIyYAd%2Fvr%2BcnJbGDckPJDHszH%2BX8Cyjj32otFZNmzoOarDVIU0IFpvbChIbV33qvkiuP0F%2FpRA6O9%2FEP7XCjJYgB8dqtzodMNVfnYg1uR6XPSCFJCOH8wL3E0lTYtl9rru41pHkKA%3D%3D","name":"projects/e-toto-vaccine/locations/us-central1/functions/addEventToCalendar","entryPoint":"addEventToCalendar","labels":{"deployment-tool":"cli-firebase"},"runtime":"nodejs8","environmentVariables":{"FIREBASE_CONFIG":"{\"projectId\":\"e-toto-vaccine\",\"databaseURL\":\"https://e-toto-vaccine.firebaseio.com\",\"storageBucket\":\"e-toto-vaccine.appspot.com\",\"locationId\":\"us-central\"}"},"httpsTrigger":{}}
[debug] [2020-11-16T03:32:23.299Z] <<< HTTP RESPONSE 200 {"content-type":"application/json; charset=UTF-8","vary":"X-Origin, Referer, Origin,Accept-Encoding","date":"Mon, 16 Nov 2020 03:32:23 GMT","server":"ESF","cache-control":"private","x-xss-protection":"0","x-frame-options":"SAMEORIGIN","x-content-type-options":"nosniff","alt-svc":"h3-Q050=\":443\"; ma=2592000,h3-29=\":443\"; ma=2592000,h3-T051=\":443\"; ma=2592000,h3-Q046=\":443\"; ma=2592000,h3-Q043=\":443\"; ma=2592000,quic=\":443\"; ma=2592000; v=\"46,43\"","accept-ranges":"none","transfer-encoding":"chunked"}
[debug] [2020-11-16T03:32:23.301Z] Setting public policy for function addEventToCalendar
[debug] [2020-11-16T03:32:23.303Z] >>> HTTP REQUEST POST https://cloudfunctions.googleapis.com/v1/projects/e-toto-vaccine/locations/us-central1/functions/addEventToCalendar:setIamPolicy  
 {"policy":{"version":3,"bindings":[{"role":"roles/cloudfunctions.invoker","members":["allUsers"]}]},"updateMask":"version,bindings"}
[debug] [2020-11-16T03:32:24.127Z] <<< HTTP RESPONSE 200 {"content-type":"application/json; charset=UTF-8","vary":"X-Origin, Referer, Origin,Accept-Encoding","date":"Mon, 16 Nov 2020 03:32:23 GMT","server":"ESF","cache-control":"private","x-xss-protection":"0","x-frame-options":"SAMEORIGIN","x-content-type-options":"nosniff","alt-svc":"h3-Q050=\":443\"; ma=2592000,h3-29=\":443\"; ma=2592000,h3-T051=\":443\"; ma=2592000,h3-Q046=\":443\"; ma=2592000,h3-Q043=\":443\"; ma=2592000,quic=\":443\"; ma=2592000; v=\"46,43\"","accept-ranges":"none","transfer-encoding":"chunked"}
[debug] [2020-11-16T03:32:24.130Z] >>> HTTP REQUEST GET https://cloudfunctions.googleapis.com/v1/projects/e-toto-vaccine/locations/-/functions  
 
[debug] [2020-11-16T03:32:25.251Z] <<< HTTP RESPONSE 200 {"content-type":"application/json; charset=UTF-8","vary":"X-Origin, Referer, Origin,Accept-Encoding","date":"Mon, 16 Nov 2020 03:32:25 GMT","server":"ESF","cache-control":"private","x-xss-protection":"0","x-frame-options":"SAMEORIGIN","x-content-type-options":"nosniff","alt-svc":"h3-Q050=\":443\"; ma=2592000,h3-29=\":443\"; ma=2592000,h3-T051=\":443\"; ma=2592000,h3-Q046=\":443\"; ma=2592000,h3-Q043=\":443\"; ma=2592000,quic=\":443\"; ma=2592000; v=\"46,43\"","accept-ranges":"none","transfer-encoding":"chunked"}
[debug] [2020-11-16T03:32:25.256Z] >>> HTTP REQUEST GET https://cloudfunctions.googleapis.com/v1/operations/ZS10b3RvLXZhY2NpbmUvdXMtY2VudHJhbDEvYWRkRXZlbnRUb0NhbGVuZGFyLzQ5WTAxVS1XZUZn  
 
[debug] [2020-11-16T03:32:25.951Z] <<< HTTP RESPONSE 200 {"content-type":"application/json; charset=UTF-8","vary":"X-Origin, Referer, Origin,Accept-Encoding","date":"Mon, 16 Nov 2020 03:32:25 GMT","server":"ESF","cache-control":"private","x-xss-protection":"0","x-frame-options":"SAMEORIGIN","x-content-type-options":"nosniff","alt-svc":"h3-Q050=\":443\"; ma=2592000,h3-29=\":443\"; ma=2592000,h3-T051=\":443\"; ma=2592000,h3-Q046=\":443\"; ma=2592000,h3-Q043=\":443\"; ma=2592000,quic=\":443\"; ma=2592000; v=\"46,43\"","accept-ranges":"none","transfer-encoding":"chunked"}
[debug] [2020-11-16T03:32:27.956Z] >>> HTTP REQUEST GET https://cloudfunctions.googleapis.com/v1/operations/ZS10b3RvLXZhY2NpbmUvdXMtY2VudHJhbDEvYWRkRXZlbnRUb0NhbGVuZGFyLzQ5WTAxVS1XZUZn  
 
[debug] [2020-11-16T03:32:28.775Z] <<< HTTP RESPONSE 200 {"content-type":"application/json; charset=UTF-8","vary":"X-Origin, Referer, Origin,Accept-Encoding","date":"Mon, 16 Nov 2020 03:32:28 GMT","server":"ESF","cache-control":"private","x-xss-protection":"0","x-frame-options":"SAMEORIGIN","x-content-type-options":"nosniff","alt-svc":"h3-Q050=\":443\"; ma=2592000,h3-29=\":443\"; ma=2592000,h3-T051=\":443\"; ma=2592000,h3-Q046=\":443\"; ma=2592000,h3-Q043=\":443\"; ma=2592000,quic=\":443\"; ma=2592000; v=\"46,43\"","accept-ranges":"none","transfer-encoding":"chunked"}
[debug] [2020-11-16T03:32:30.779Z] >>> HTTP REQUEST GET https://cloudfunctions.googleapis.com/v1/operations/ZS10b3RvLXZhY2NpbmUvdXMtY2VudHJhbDEvYWRkRXZlbnRUb0NhbGVuZGFyLzQ5WTAxVS1XZUZn  
 
[debug] [2020-11-16T03:32:31.953Z] <<< HTTP RESPONSE 200 {"content-type":"application/json; charset=UTF-8","vary":"X-Origin, Referer, Origin,Accept-Encoding","date":"Mon, 16 Nov 2020 03:32:31 GMT","server":"ESF","cache-control":"private","x-xss-protection":"0","x-frame-options":"SAMEORIGIN","x-content-type-options":"nosniff","alt-svc":"h3-Q050=\":443\"; ma=2592000,h3-29=\":443\"; ma=2592000,h3-T051=\":443\"; ma=2592000,h3-Q046=\":443\"; ma=2592000,h3-Q043=\":443\"; ma=2592000,quic=\":443\"; ma=2592000; v=\"46,43\"","accept-ranges":"none","transfer-encoding":"chunked"}
[debug] [2020-11-16T03:32:33.957Z] >>> HTTP REQUEST GET https://cloudfunctions.googleapis.com/v1/operations/ZS10b3RvLXZhY2NpbmUvdXMtY2VudHJhbDEvYWRkRXZlbnRUb0NhbGVuZGFyLzQ5WTAxVS1XZUZn  
 
[debug] [2020-11-16T03:32:34.819Z] <<< HTTP RESPONSE 200 {"content-type":"application/json; charset=UTF-8","vary":"X-Origin, Referer, Origin,Accept-Encoding","date":"Mon, 16 Nov 2020 03:32:34 GMT","server":"ESF","cache-control":"private","x-xss-protection":"0","x-frame-options":"SAMEORIGIN","x-content-type-options":"nosniff","alt-svc":"h3-Q050=\":443\"; ma=2592000,h3-29=\":443\"; ma=2592000,h3-T051=\":443\"; ma=2592000,h3-Q046=\":443\"; ma=2592000,h3-Q043=\":443\"; ma=2592000,quic=\":443\"; ma=2592000; v=\"46,43\"","accept-ranges":"none","transfer-encoding":"chunked"}
[debug] [2020-11-16T03:32:36.823Z] >>> HTTP REQUEST GET https://cloudfunctions.googleapis.com/v1/operations/ZS10b3RvLXZhY2NpbmUvdXMtY2VudHJhbDEvYWRkRXZlbnRUb0NhbGVuZGFyLzQ5WTAxVS1XZUZn  
 
[debug] [2020-11-16T03:32:37.727Z] <<< HTTP RESPONSE 200 {"content-type":"application/json; charset=UTF-8","vary":"X-Origin, Referer, Origin,Accept-Encoding","date":"Mon, 16 Nov 2020 03:32:37 GMT","server":"ESF","cache-control":"private","x-xss-protection":"0","x-frame-options":"SAMEORIGIN","x-content-type-options":"nosniff","alt-svc":"h3-Q050=\":443\"; ma=2592000,h3-29=\":443\"; ma=2592000,h3-T051=\":443\"; ma=2592000,h3-Q046=\":443\"; ma=2592000,h3-Q043=\":443\"; ma=2592000,quic=\":443\"; ma=2592000; v=\"46,43\"","accept-ranges":"none","transfer-encoding":"chunked"}
[debug] [2020-11-16T03:32:39.731Z] >>> HTTP REQUEST GET https://cloudfunctions.googleapis.com/v1/operations/ZS10b3RvLXZhY2NpbmUvdXMtY2VudHJhbDEvYWRkRXZlbnRUb0NhbGVuZGFyLzQ5WTAxVS1XZUZn  
 
[debug] [2020-11-16T03:32:40.715Z] <<< HTTP RESPONSE 200 {"content-type":"application/json; charset=UTF-8","vary":"X-Origin, Referer, Origin,Accept-Encoding","date":"Mon, 16 Nov 2020 03:32:40 GMT","server":"ESF","cache-control":"private","x-xss-protection":"0","x-frame-options":"SAMEORIGIN","x-content-type-options":"nosniff","alt-svc":"h3-Q050=\":443\"; ma=2592000,h3-29=\":443\"; ma=2592000,h3-T051=\":443\"; ma=2592000,h3-Q046=\":443\"; ma=2592000,h3-Q043=\":443\"; ma=2592000,quic=\":443\"; ma=2592000; v=\"46,43\"","accept-ranges":"none","transfer-encoding":"chunked"}
[debug] [2020-11-16T03:32:42.720Z] >>> HTTP REQUEST GET https://cloudfunctions.googleapis.com/v1/operations/ZS10b3RvLXZhY2NpbmUvdXMtY2VudHJhbDEvYWRkRXZlbnRUb0NhbGVuZGFyLzQ5WTAxVS1XZUZn  
 
[debug] [2020-11-16T03:32:43.554Z] <<< HTTP RESPONSE 200 {"content-type":"application/json; charset=UTF-8","vary":"X-Origin, Referer, Origin,Accept-Encoding","date":"Mon, 16 Nov 2020 03:32:43 GMT","server":"ESF","cache-control":"private","x-xss-protection":"0","x-frame-options":"SAMEORIGIN","x-content-type-options":"nosniff","alt-svc":"h3-Q050=\":443\"; ma=2592000,h3-29=\":443\"; ma=2592000,h3-T051=\":443\"; ma=2592000,h3-Q046=\":443\"; ma=2592000,h3-Q043=\":443\"; ma=2592000,quic=\":443\"; ma=2592000; v=\"46,43\"","accept-ranges":"none","transfer-encoding":"chunked"}
[debug] [2020-11-16T03:32:45.556Z] >>> HTTP REQUEST GET https://cloudfunctions.googleapis.com/v1/operations/ZS10b3RvLXZhY2NpbmUvdXMtY2VudHJhbDEvYWRkRXZlbnRUb0NhbGVuZGFyLzQ5WTAxVS1XZUZn  
 
[debug] [2020-11-16T03:32:46.272Z] <<< HTTP RESPONSE 200 {"content-type":"application/json; charset=UTF-8","vary":"X-Origin, Referer, Origin,Accept-Encoding","date":"Mon, 16 Nov 2020 03:32:46 GMT","server":"ESF","cache-control":"private","x-xss-protection":"0","x-frame-options":"SAMEORIGIN","x-content-type-options":"nosniff","alt-svc":"h3-Q050=\":443\"; ma=2592000,h3-29=\":443\"; ma=2592000,h3-T051=\":443\"; ma=2592000,h3-Q046=\":443\"; ma=2592000,h3-Q043=\":443\"; ma=2592000,quic=\":443\"; ma=2592000; v=\"46,43\"","accept-ranges":"none","transfer-encoding":"chunked"}
[debug] [2020-11-16T03:32:48.281Z] >>> HTTP REQUEST GET https://cloudfunctions.googleapis.com/v1/operations/ZS10b3RvLXZhY2NpbmUvdXMtY2VudHJhbDEvYWRkRXZlbnRUb0NhbGVuZGFyLzQ5WTAxVS1XZUZn  
 
[debug] [2020-11-16T03:32:49.093Z] <<< HTTP RESPONSE 200 {"content-type":"application/json; charset=UTF-8","vary":"X-Origin, Referer, Origin,Accept-Encoding","date":"Mon, 16 Nov 2020 03:32:48 GMT","server":"ESF","cache-control":"private","x-xss-protection":"0","x-frame-options":"SAMEORIGIN","x-content-type-options":"nosniff","alt-svc":"h3-Q050=\":443\"; ma=2592000,h3-29=\":443\"; ma=2592000,h3-T051=\":443\"; ma=2592000,h3-Q046=\":443\"; ma=2592000,h3-Q043=\":443\"; ma=2592000,quic=\":443\"; ma=2592000; v=\"46,43\"","accept-ranges":"none","transfer-encoding":"chunked"}
[debug] [2020-11-16T03:32:51.097Z] >>> HTTP REQUEST GET https://cloudfunctions.googleapis.com/v1/operations/ZS10b3RvLXZhY2NpbmUvdXMtY2VudHJhbDEvYWRkRXZlbnRUb0NhbGVuZGFyLzQ5WTAxVS1XZUZn  
 
[debug] [2020-11-16T03:32:51.931Z] <<< HTTP RESPONSE 200 {"content-type":"application/json; charset=UTF-8","vary":"X-Origin, Referer, Origin,Accept-Encoding","date":"Mon, 16 Nov 2020 03:32:51 GMT","server":"ESF","cache-control":"private","x-xss-protection":"0","x-frame-options":"SAMEORIGIN","x-content-type-options":"nosniff","alt-svc":"h3-Q050=\":443\"; ma=2592000,h3-29=\":443\"; ma=2592000,h3-T051=\":443\"; ma=2592000,h3-Q046=\":443\"; ma=2592000,h3-Q043=\":443\"; ma=2592000,quic=\":443\"; ma=2592000; v=\"46,43\"","accept-ranges":"none","transfer-encoding":"chunked"}
[debug] [2020-11-16T03:32:53.938Z] >>> HTTP REQUEST GET https://cloudfunctions.googleapis.com/v1/operations/ZS10b3RvLXZhY2NpbmUvdXMtY2VudHJhbDEvYWRkRXZlbnRUb0NhbGVuZGFyLzQ5WTAxVS1XZUZn  
 
[debug] [2020-11-16T03:32:54.744Z] <<< HTTP RESPONSE 200 {"content-type":"application/json; charset=UTF-8","vary":"X-Origin, Referer, Origin,Accept-Encoding","date":"Mon, 16 Nov 2020 03:32:54 GMT","server":"ESF","cache-control":"private","x-xss-protection":"0","x-frame-options":"SAMEORIGIN","x-content-type-options":"nosniff","alt-svc":"h3-Q050=\":443\"; ma=2592000,h3-29=\":443\"; ma=2592000,h3-T051=\":443\"; ma=2592000,h3-Q046=\":443\"; ma=2592000,h3-Q043=\":443\"; ma=2592000,quic=\":443\"; ma=2592000; v=\"46,43\"","accept-ranges":"none","transfer-encoding":"chunked"}
[debug] [2020-11-16T03:32:56.748Z] >>> HTTP REQUEST GET https://cloudfunctions.googleapis.com/v1/operations/ZS10b3RvLXZhY2NpbmUvdXMtY2VudHJhbDEvYWRkRXZlbnRUb0NhbGVuZGFyLzQ5WTAxVS1XZUZn  
 
[debug] [2020-11-16T03:32:57.385Z] <<< HTTP RESPONSE 200 {"content-type":"application/json; charset=UTF-8","vary":"X-Origin, Referer, Origin,Accept-Encoding","date":"Mon, 16 Nov 2020 03:32:57 GMT","server":"ESF","cache-control":"private","x-xss-protection":"0","x-frame-options":"SAMEORIGIN","x-content-type-options":"nosniff","alt-svc":"h3-Q050=\":443\"; ma=2592000,h3-29=\":443\"; ma=2592000,h3-T051=\":443\"; ma=2592000,h3-Q046=\":443\"; ma=2592000,h3-Q043=\":443\"; ma=2592000,quic=\":443\"; ma=2592000; v=\"46,43\"","accept-ranges":"none","transfer-encoding":"chunked"}
[debug] [2020-11-16T03:32:59.389Z] >>> HTTP REQUEST GET https://cloudfunctions.googleapis.com/v1/operations/ZS10b3RvLXZhY2NpbmUvdXMtY2VudHJhbDEvYWRkRXZlbnRUb0NhbGVuZGFyLzQ5WTAxVS1XZUZn  
 
[debug] [2020-11-16T03:33:00.154Z] <<< HTTP RESPONSE 200 {"content-type":"application/json; charset=UTF-8","vary":"X-Origin, Referer, Origin,Accept-Encoding","date":"Mon, 16 Nov 2020 03:32:59 GMT","server":"ESF","cache-control":"private","x-xss-protection":"0","x-frame-options":"SAMEORIGIN","x-content-type-options":"nosniff","alt-svc":"h3-Q050=\":443\"; ma=2592000,h3-29=\":443\"; ma=2592000,h3-T051=\":443\"; ma=2592000,h3-Q046=\":443\"; ma=2592000,h3-Q043=\":443\"; ma=2592000,quic=\":443\"; ma=2592000; v=\"46,43\"","accept-ranges":"none","transfer-encoding":"chunked"}
[debug] [2020-11-16T03:33:02.156Z] >>> HTTP REQUEST GET https://cloudfunctions.googleapis.com/v1/operations/ZS10b3RvLXZhY2NpbmUvdXMtY2VudHJhbDEvYWRkRXZlbnRUb0NhbGVuZGFyLzQ5WTAxVS1XZUZn  
 
[debug] [2020-11-16T03:33:03.140Z] <<< HTTP RESPONSE 200 {"content-type":"application/json; charset=UTF-8","vary":"X-Origin, Referer, Origin,Accept-Encoding","date":"Mon, 16 Nov 2020 03:33:02 GMT","server":"ESF","cache-control":"private","x-xss-protection":"0","x-frame-options":"SAMEORIGIN","x-content-type-options":"nosniff","alt-svc":"h3-Q050=\":443\"; ma=2592000,h3-29=\":443\"; ma=2592000,h3-T051=\":443\"; ma=2592000,h3-Q046=\":443\"; ma=2592000,h3-Q043=\":443\"; ma=2592000,quic=\":443\"; ma=2592000; v=\"46,43\"","accept-ranges":"none","transfer-encoding":"chunked"}
[debug] [2020-11-16T03:33:05.143Z] >>> HTTP REQUEST GET https://cloudfunctions.googleapis.com/v1/operations/ZS10b3RvLXZhY2NpbmUvdXMtY2VudHJhbDEvYWRkRXZlbnRUb0NhbGVuZGFyLzQ5WTAxVS1XZUZn  
 
[debug] [2020-11-16T03:33:06.007Z] <<< HTTP RESPONSE 200 {"content-type":"application/json; charset=UTF-8","vary":"X-Origin, Referer, Origin,Accept-Encoding","date":"Mon, 16 Nov 2020 03:33:05 GMT","server":"ESF","cache-control":"private","x-xss-protection":"0","x-frame-options":"SAMEORIGIN","x-content-type-options":"nosniff","alt-svc":"h3-Q050=\":443\"; ma=2592000,h3-29=\":443\"; ma=2592000,h3-T051=\":443\"; ma=2592000,h3-Q046=\":443\"; ma=2592000,h3-Q043=\":443\"; ma=2592000,quic=\":443\"; ma=2592000; v=\"46,43\"","accept-ranges":"none","transfer-encoding":"chunked"}
[debug] [2020-11-16T03:33:08.011Z] >>> HTTP REQUEST GET https://cloudfunctions.googleapis.com/v1/operations/ZS10b3RvLXZhY2NpbmUvdXMtY2VudHJhbDEvYWRkRXZlbnRUb0NhbGVuZGFyLzQ5WTAxVS1XZUZn  
 
[debug] [2020-11-16T03:33:08.710Z] <<< HTTP RESPONSE 200 {"content-type":"application/json; charset=UTF-8","vary":"X-Origin, Referer, Origin,Accept-Encoding","date":"Mon, 16 Nov 2020 03:33:08 GMT","server":"ESF","cache-control":"private","x-xss-protection":"0","x-frame-options":"SAMEORIGIN","x-content-type-options":"nosniff","alt-svc":"h3-Q050=\":443\"; ma=2592000,h3-29=\":443\"; ma=2592000,h3-T051=\":443\"; ma=2592000,h3-Q046=\":443\"; ma=2592000,h3-Q043=\":443\"; ma=2592000,quic=\":443\"; ma=2592000; v=\"46,43\"","accept-ranges":"none","transfer-encoding":"chunked"}
[debug] [2020-11-16T03:33:10.712Z] >>> HTTP REQUEST GET https://cloudfunctions.googleapis.com/v1/operations/ZS10b3RvLXZhY2NpbmUvdXMtY2VudHJhbDEvYWRkRXZlbnRUb0NhbGVuZGFyLzQ5WTAxVS1XZUZn  
 
[debug] [2020-11-16T03:33:11.537Z] <<< HTTP RESPONSE 200 {"content-type":"application/json; charset=UTF-8","vary":"X-Origin, Referer, Origin,Accept-Encoding","date":"Mon, 16 Nov 2020 03:33:11 GMT","server":"ESF","cache-control":"private","x-xss-protection":"0","x-frame-options":"SAMEORIGIN","x-content-type-options":"nosniff","alt-svc":"h3-Q050=\":443\"; ma=2592000,h3-29=\":443\"; ma=2592000,h3-T051=\":443\"; ma=2592000,h3-Q046=\":443\"; ma=2592000,h3-Q043=\":443\"; ma=2592000,quic=\":443\"; ma=2592000; v=\"46,43\"","accept-ranges":"none","transfer-encoding":"chunked"}
[debug] [2020-11-16T03:33:13.540Z] >>> HTTP REQUEST GET https://cloudfunctions.googleapis.com/v1/operations/ZS10b3RvLXZhY2NpbmUvdXMtY2VudHJhbDEvYWRkRXZlbnRUb0NhbGVuZGFyLzQ5WTAxVS1XZUZn  
 
[debug] [2020-11-16T03:33:14.391Z] <<< HTTP RESPONSE 200 {"content-type":"application/json; charset=UTF-8","vary":"X-Origin, Referer, Origin,Accept-Encoding","date":"Mon, 16 Nov 2020 03:33:14 GMT","server":"ESF","cache-control":"private","x-xss-protection":"0","x-frame-options":"SAMEORIGIN","x-content-type-options":"nosniff","alt-svc":"h3-Q050=\":443\"; ma=2592000,h3-29=\":443\"; ma=2592000,h3-T051=\":443\"; ma=2592000,h3-Q046=\":443\"; ma=2592000,h3-Q043=\":443\"; ma=2592000,quic=\":443\"; ma=2592000; v=\"46,43\"","accept-ranges":"none","transfer-encoding":"chunked"}
[debug] [2020-11-16T03:33:16.395Z] >>> HTTP REQUEST GET https://cloudfunctions.googleapis.com/v1/operations/ZS10b3RvLXZhY2NpbmUvdXMtY2VudHJhbDEvYWRkRXZlbnRUb0NhbGVuZGFyLzQ5WTAxVS1XZUZn  
 
[debug] [2020-11-16T03:33:17.375Z] <<< HTTP RESPONSE 200 {"content-type":"application/json; charset=UTF-8","vary":"X-Origin, Referer, Origin,Accept-Encoding","date":"Mon, 16 Nov 2020 03:33:17 GMT","server":"ESF","cache-control":"private","x-xss-protection":"0","x-frame-options":"SAMEORIGIN","x-content-type-options":"nosniff","alt-svc":"h3-Q050=\":443\"; ma=2592000,h3-29=\":443\"; ma=2592000,h3-T051=\":443\"; ma=2592000,h3-Q046=\":443\"; ma=2592000,h3-Q043=\":443\"; ma=2592000,quic=\":443\"; ma=2592000; v=\"46,43\"","accept-ranges":"none","transfer-encoding":"chunked"}
[debug] [2020-11-16T03:33:19.379Z] >>> HTTP REQUEST GET https://cloudfunctions.googleapis.com/v1/operations/ZS10b3RvLXZhY2NpbmUvdXMtY2VudHJhbDEvYWRkRXZlbnRUb0NhbGVuZGFyLzQ5WTAxVS1XZUZn  
 
[debug] [2020-11-16T03:33:20.242Z] <<< HTTP RESPONSE 200 {"content-type":"application/json; charset=UTF-8","vary":"X-Origin, Referer, Origin,Accept-Encoding","date":"Mon, 16 Nov 2020 03:33:20 GMT","server":"ESF","cache-control":"private","x-xss-protection":"0","x-frame-options":"SAMEORIGIN","x-content-type-options":"nosniff","alt-svc":"h3-Q050=\":443\"; ma=2592000,h3-29=\":443\"; ma=2592000,h3-T051=\":443\"; ma=2592000,h3-Q046=\":443\"; ma=2592000,h3-Q043=\":443\"; ma=2592000,quic=\":443\"; ma=2592000; v=\"46,43\"","accept-ranges":"none","transfer-encoding":"chunked"}
[debug] [2020-11-16T03:33:22.244Z] >>> HTTP REQUEST GET https://cloudfunctions.googleapis.com/v1/operations/ZS10b3RvLXZhY2NpbmUvdXMtY2VudHJhbDEvYWRkRXZlbnRUb0NhbGVuZGFyLzQ5WTAxVS1XZUZn  
 
[debug] [2020-11-16T03:33:23.110Z] <<< HTTP RESPONSE 200 {"content-type":"application/json; charset=UTF-8","vary":"X-Origin, Referer, Origin,Accept-Encoding","date":"Mon, 16 Nov 2020 03:33:22 GMT","server":"ESF","cache-control":"private","x-xss-protection":"0","x-frame-options":"SAMEORIGIN","x-content-type-options":"nosniff","alt-svc":"h3-Q050=\":443\"; ma=2592000,h3-29=\":443\"; ma=2592000,h3-T051=\":443\"; ma=2592000,h3-Q046=\":443\"; ma=2592000,h3-Q043=\":443\"; ma=2592000,quic=\":443\"; ma=2592000; v=\"46,43\"","accept-ranges":"none","transfer-encoding":"chunked"}
[debug] [2020-11-16T03:33:25.113Z] >>> HTTP REQUEST GET https://cloudfunctions.googleapis.com/v1/operations/ZS10b3RvLXZhY2NpbmUvdXMtY2VudHJhbDEvYWRkRXZlbnRUb0NhbGVuZGFyLzQ5WTAxVS1XZUZn  
 
[debug] [2020-11-16T03:33:25.977Z] <<< HTTP RESPONSE 200 {"content-type":"application/json; charset=UTF-8","vary":"X-Origin, Referer, Origin,Accept-Encoding","date":"Mon, 16 Nov 2020 03:33:25 GMT","server":"ESF","cache-control":"private","x-xss-protection":"0","x-frame-options":"SAMEORIGIN","x-content-type-options":"nosniff","alt-svc":"h3-Q050=\":443\"; ma=2592000,h3-29=\":443\"; ma=2592000,h3-T051=\":443\"; ma=2592000,h3-Q046=\":443\"; ma=2592000,h3-Q043=\":443\"; ma=2592000,quic=\":443\"; ma=2592000; v=\"46,43\"","accept-ranges":"none","transfer-encoding":"chunked"}
[debug] [2020-11-16T03:33:42.169Z] ----------------------------------------------------------------------
[debug] [2020-11-16T03:33:42.171Z] Command:       /usr/local/bin/firebase /home/mugambi-ian/.cache/firebase/tools/lib/node_modules/firebase-tools/lib/bin/firebase deploy --only functions
[debug] [2020-11-16T03:33:42.171Z] CLI Version:   8.4.3
[debug] [2020-11-16T03:33:42.171Z] Platform:      linux
[debug] [2020-11-16T03:33:42.172Z] Node Version:  v12.16.1
[debug] [2020-11-16T03:33:42.172Z] Time:          Mon Nov 16 2020 06:33:42 GMT+0300 (East Africa Time)
[debug] [2020-11-16T03:33:42.172Z] ----------------------------------------------------------------------
[debug] [2020-11-16T03:33:42.172Z] 
[debug] [2020-11-16T03:33:42.194Z] > command requires scopes: ["email","openid","https://www.googleapis.com/auth/cloudplatformprojects.readonly","https://www.googleapis.com/auth/firebase","https://www.googleapis.com/auth/cloud-platform"]
[debug] [2020-11-16T03:33:42.195Z] > authorizing via signed-in user
[debug] [2020-11-16T03:33:42.195Z] [iam] checking project e-toto-vaccine for permissions ["cloudfunctions.functions.create","cloudfunctions.functions.delete","cloudfunctions.functions.get","cloudfunctions.functions.list","cloudfunctions.functions.update","cloudfunctions.operations.get","firebase.projects.get"]
[debug] [2020-11-16T03:33:42.199Z] >>> HTTP REQUEST POST https://cloudresourcemanager.googleapis.com/v1/projects/e-toto-vaccine:testIamPermissions  
 {"permissions":["cloudfunctions.functions.create","cloudfunctions.functions.delete","cloudfunctions.functions.get","cloudfunctions.functions.list","cloudfunctions.functions.update","cloudfunctions.operations.get","firebase.projects.get"]}
[debug] [2020-11-16T03:33:44.289Z] <<< HTTP RESPONSE 200 {"content-type":"application/json; charset=UTF-8","vary":"X-Origin, Referer, Origin,Accept-Encoding","date":"Mon, 16 Nov 2020 03:33:44 GMT","server":"ESF","cache-control":"private","x-xss-protection":"0","x-frame-options":"SAMEORIGIN","x-content-type-options":"nosniff","server-timing":"gfet4t7; dur=1587","alt-svc":"h3-Q050=\":443\"; ma=2592000,h3-29=\":443\"; ma=2592000,h3-T051=\":443\"; ma=2592000,h3-Q046=\":443\"; ma=2592000,h3-Q043=\":443\"; ma=2592000,quic=\":443\"; ma=2592000; v=\"46,43\"","accept-ranges":"none","transfer-encoding":"chunked"}
[debug] [2020-11-16T03:33:44.291Z] >>> HTTP REQUEST POST https://iam.googleapis.com/v1/projects/e-toto-vaccine/serviceAccounts/e-toto-vaccine@appspot.gserviceaccount.com:testIamPermissions  
 {"permissions":["iam.serviceAccounts.actAs"]}
[debug] [2020-11-16T03:33:46.375Z] <<< HTTP RESPONSE 200 {"content-type":"application/json; charset=UTF-8","vary":"X-Origin, Referer, Origin,Accept-Encoding","date":"Mon, 16 Nov 2020 03:33:46 GMT","server":"ESF","cache-control":"private","x-xss-protection":"0","x-frame-options":"SAMEORIGIN","x-content-type-options":"nosniff","alt-svc":"h3-Q050=\":443\"; ma=2592000,h3-29=\":443\"; ma=2592000,h3-T051=\":443\"; ma=2592000,h3-Q046=\":443\"; ma=2592000,h3-Q043=\":443\"; ma=2592000,quic=\":443\"; ma=2592000; v=\"46,43\"","accept-ranges":"none","transfer-encoding":"chunked"}
[info] 
[info] === Deploying to 'e-toto-vaccine'...
[info] 
[info] i  deploying functions 
[info] Running command: npm --prefix "$RESOURCE_DIR" run lint
[info] ✔  functions: Finished running predeploy script. 
[debug] [2020-11-16T03:34:01.819Z] > [functions] package.json contents: {
  "name": "functions",
  "description": "Cloud Functions for Firebase",
  "scripts": {
    "lint": "eslint .",
    "serve": "firebase emulators:start --only functions",
    "shell": "firebase functions:shell",
    "start": "npm run shell",
    "deploy": "firebase deploy --only functions",
    "logs": "firebase functions:log"
  },
  "engines": {
    "node": "10"
  },
  "dependencies": {
    "cors": "^2.8.5",
    "firebase-admin": "^8.10.0",
    "firebase-functions": "^3.6.1",
    "googleapis": "^64.0.0"
  },
  "devDependencies": {
    "eslint": "^5.12.0",
    "eslint-plugin-promise": "^4.0.1",
    "firebase-functions-test": "^0.2.0"
  },
  "private": true
}
[info] i  functions: ensuring required API cloudfunctions.googleapis.com is enabled... 
[debug] [2020-11-16T03:34:04.041Z] [functions] runtime dependency check dates: warning: 2020-05-21T00:00:00.000Z error: 2020-07-09T00:00:00.000Z
[info] i  functions: ensuring required API cloudbuild.googleapis.com is enabled... 
[debug] [2020-11-16T03:34:04.043Z] >>> HTTP REQUEST GET https://serviceusage.googleapis.com/v1/projects/e-toto-vaccine/services/cloudfunctions.googleapis.com  
 
[debug] [2020-11-16T03:34:04.044Z] >>> HTTP REQUEST GET https://serviceusage.googleapis.com/v1/projects/e-toto-vaccine/services/runtimeconfig.googleapis.com  
 
[debug] [2020-11-16T03:34:04.045Z] >>> HTTP REQUEST GET https://serviceusage.googleapis.com/v1/projects/e-toto-vaccine/services/cloudbuild.googleapis.com  
 
[debug] [2020-11-16T03:34:06.152Z] <<< HTTP RESPONSE 200 {"content-type":"application/json; charset=UTF-8","vary":"X-Origin, Referer, Origin,Accept-Encoding","date":"Mon, 16 Nov 2020 03:34:05 GMT","server":"ESF","cache-control":"private","x-xss-protection":"0","x-frame-options":"SAMEORIGIN","x-content-type-options":"nosniff","alt-svc":"h3-Q050=\":443\"; ma=2592000,h3-29=\":443\"; ma=2592000,h3-T051=\":443\"; ma=2592000,h3-Q046=\":443\"; ma=2592000,h3-Q043=\":443\"; ma=2592000,quic=\":443\"; ma=2592000; v=\"46,43\"","accept-ranges":"none","transfer-encoding":"chunked"}
[debug] [2020-11-16T03:34:06.162Z] <<< HTTP RESPONSE 200 {"content-type":"application/json; charset=UTF-8","vary":"X-Origin, Referer, Origin,Accept-Encoding","date":"Mon, 16 Nov 2020 03:34:05 GMT","server":"ESF","cache-control":"private","x-xss-protection":"0","x-frame-options":"SAMEORIGIN","x-content-type-options":"nosniff","alt-svc":"h3-Q050=\":443\"; ma=2592000,h3-29=\":443\"; ma=2592000,h3-T051=\":443\"; ma=2592000,h3-Q046=\":443\"; ma=2592000,h3-Q043=\":443\"; ma=2592000,quic=\":443\"; ma=2592000; v=\"46,43\"","accept-ranges":"none","transfer-encoding":"chunked"}
[warn] ⚠  functions: missing required API cloudbuild.googleapis.com. Enabling now... 
[debug] [2020-11-16T03:34:06.165Z] >>> HTTP REQUEST POST https://serviceusage.googleapis.com/v1/projects/e-toto-vaccine/services/cloudbuild.googleapis.com:enable  
 
[debug] [2020-11-16T03:34:06.251Z] <<< HTTP RESPONSE 200 {"content-type":"application/json; charset=UTF-8","vary":"X-Origin, Referer, Origin,Accept-Encoding","date":"Mon, 16 Nov 2020 03:34:06 GMT","server":"ESF","cache-control":"private","x-xss-protection":"0","x-frame-options":"SAMEORIGIN","x-content-type-options":"nosniff","alt-svc":"h3-Q050=\":443\"; ma=2592000,h3-29=\":443\"; ma=2592000,h3-T051=\":443\"; ma=2592000,h3-Q046=\":443\"; ma=2592000,h3-Q043=\":443\"; ma=2592000,quic=\":443\"; ma=2592000; v=\"46,43\"","accept-ranges":"none","transfer-encoding":"chunked"}
[info] ✔  functions: required API cloudfunctions.googleapis.com is enabled 
[debug] [2020-11-16T03:34:09.169Z] <<< HTTP RESPONSE 200 {"content-type":"application/json; charset=UTF-8","vary":"X-Origin, Referer, Origin,Accept-Encoding","date":"Mon, 16 Nov 2020 03:34:09 GMT","server":"ESF","cache-control":"private","x-xss-protection":"0","x-frame-options":"SAMEORIGIN","x-content-type-options":"nosniff","alt-svc":"h3-Q050=\":443\"; ma=2592000,h3-29=\":443\"; ma=2592000,h3-T051=\":443\"; ma=2592000,h3-Q046=\":443\"; ma=2592000,h3-Q043=\":443\"; ma=2592000,quic=\":443\"; ma=2592000; v=\"46,43\"","accept-ranges":"none","transfer-encoding":"chunked"}
[debug] [2020-11-16T03:34:19.180Z] >>> HTTP REQUEST GET https://serviceusage.googleapis.com/v1/projects/e-toto-vaccine/services/cloudbuild.googleapis.com  
 
[debug] [2020-11-16T03:34:21.475Z] <<< HTTP RESPONSE 200 {"content-type":"application/json; charset=UTF-8","vary":"X-Origin, Referer, Origin,Accept-Encoding","date":"Mon, 16 Nov 2020 03:34:21 GMT","server":"ESF","cache-control":"private","x-xss-protection":"0","x-frame-options":"SAMEORIGIN","x-content-type-options":"nosniff","alt-svc":"h3-Q050=\":443\"; ma=2592000,h3-29=\":443\"; ma=2592000,h3-T051=\":443\"; ma=2592000,h3-Q046=\":443\"; ma=2592000,h3-Q043=\":443\"; ma=2592000,quic=\":443\"; ma=2592000; v=\"46,43\"","accept-ranges":"none","transfer-encoding":"chunked"}
[info] ✔  functions: required API cloudbuild.googleapis.com is enabled 
[debug] [2020-11-16T03:34:21.478Z] >>> HTTP REQUEST GET https://firebase.googleapis.com/v1beta1/projects/e-toto-vaccine/adminSdkConfig  
 
[debug] [2020-11-16T03:34:22.399Z] <<< HTTP RESPONSE 200 {"content-type":"application/json; charset=UTF-8","vary":"X-Origin, Referer, Origin,Accept-Encoding","date":"Mon, 16 Nov 2020 03:34:22 GMT","server":"ESF","cache-control":"private","x-xss-protection":"0","x-frame-options":"SAMEORIGIN","x-content-type-options":"nosniff","alt-svc":"h3-Q050=\":443\"; ma=2592000,h3-29=\":443\"; ma=2592000,h3-T051=\":443\"; ma=2592000,h3-Q046=\":443\"; ma=2592000,h3-Q043=\":443\"; ma=2592000,quic=\":443\"; ma=2592000; v=\"46,43\"","accept-ranges":"none","transfer-encoding":"chunked"}
[info] i  functions: preparing functions directory for uploading... 
[debug] [2020-11-16T03:34:22.402Z] >>> HTTP REQUEST GET https://runtimeconfig.googleapis.com/v1beta1/projects/e-toto-vaccine/configs  
 
[debug] [2020-11-16T03:34:23.320Z] <<< HTTP RESPONSE 200 {"content-type":"application/json; charset=UTF-8","vary":"X-Origin, Referer, Origin,Accept-Encoding","date":"Mon, 16 Nov 2020 03:34:22 GMT","server":"ESF","cache-control":"private","x-xss-protection":"0","x-frame-options":"SAMEORIGIN","x-content-type-options":"nosniff","alt-svc":"h3-Q050=\":443\"; ma=2592000,h3-29=\":443\"; ma=2592000,h3-T051=\":443\"; ma=2592000,h3-Q046=\":443\"; ma=2592000,h3-Q043=\":443\"; ma=2592000,quic=\":443\"; ma=2592000; v=\"46,43\"","accept-ranges":"none","transfer-encoding":"chunked"}
[info] i  functions: packaged functions (43.82 KB) for uploading 
[debug] [2020-11-16T03:34:26.343Z] >>> HTTP REQUEST GET https://cloudfunctions.googleapis.com/v1/projects/e-toto-vaccine/locations/-/functions  
 
[debug] [2020-11-16T03:34:27.623Z] <<< HTTP RESPONSE 200 {"content-type":"application/json; charset=UTF-8","vary":"X-Origin, Referer, Origin,Accept-Encoding","date":"Mon, 16 Nov 2020 03:34:27 GMT","server":"ESF","cache-control":"private","x-xss-protection":"0","x-frame-options":"SAMEORIGIN","x-content-type-options":"nosniff","alt-svc":"h3-Q050=\":443\"; ma=2592000,h3-29=\":443\"; ma=2592000,h3-T051=\":443\"; ma=2592000,h3-Q046=\":443\"; ma=2592000,h3-Q043=\":443\"; ma=2592000,quic=\":443\"; ma=2592000; v=\"46,43\"","accept-ranges":"none","transfer-encoding":"chunked"}
[debug] [2020-11-16T03:34:27.631Z] >>> HTTP REQUEST POST https://cloudfunctions.googleapis.com/v1/projects/e-toto-vaccine/locations/us-central1/functions:generateUploadUrl  
 
[debug] [2020-11-16T03:34:28.953Z] <<< HTTP RESPONSE 200 {"content-type":"application/json; charset=UTF-8","vary":"X-Origin, Referer, Origin,Accept-Encoding","date":"Mon, 16 Nov 2020 03:34:28 GMT","server":"ESF","cache-control":"private","x-xss-protection":"0","x-frame-options":"SAMEORIGIN","x-content-type-options":"nosniff","alt-svc":"h3-Q050=\":443\"; ma=2592000,h3-29=\":443\"; ma=2592000,h3-T051=\":443\"; ma=2592000,h3-Q046=\":443\"; ma=2592000,h3-Q043=\":443\"; ma=2592000,quic=\":443\"; ma=2592000; v=\"46,43\"","accept-ranges":"none","transfer-encoding":"chunked"}
[debug] [2020-11-16T03:34:28.955Z] >>> HTTP REQUEST PUT https://storage.googleapis.com/gcf-upload-us-central1-3710394d-1b5a-4cd8-a0af-5f3c27ec2f46/f2c9d6f8-d4f0-4d20-a79a-6e88fbc2022a.zip?GoogleAccessId=service-387415949845@gcf-admin-robot.iam.gserviceaccount.com&Expires=1605499468&Signature=F9YjAiMBexF7xuRwNtIM5Li8svFOeJmyHhPHGi3q8Gk2orNJarL5NHNki70V8T4wDvZuydLj5psxA8U9z70DjgZwlDL8ZQzOjxbbAYiv1ClX0aa5cjUvU0X8mtiVxbafa5BJrvkXkKI2reMK2Q0NfQVWUT2%2FLT8CcHv%2BRL8bq9V5NZSQMJhCrDC4ZmNNL%2BMk01dS1Yf6KX45H%2FrgnGLrAxGiX4m6Z7FIkH28binaO%2FTXGFeAqH1U7oSBKsOuDNJ2SV5A%2FLIMGYkql%2BA5GkH6RYQMk7LOdzj75pTmGf2IUuiKSoinfE7TiEe4xu6k2wJnUDyfbtfdGQDOKu68sYDYnA%3D%3D  
 <request body omitted>
[debug] [2020-11-16T03:34:30.284Z] <<< HTTP RESPONSE 200 {"x-guploader-uploadid":"ABg5-Uz4T6ZLk6DnQkK707jsRoHxK0Bfj-jvGo0gj9SJ9qISZKhy6CQGHtlI_e06EMNrTJiY2BTXjwkt30n2cnh0MZh3NhqHZg","etag":"\"db30ca4a1d2535051b409eded9d402a2\"","x-goog-generation":"1605497670083270","x-goog-metageneration":"1","x-goog-hash":"crc32c=VQmyBA==, md5=2zDKSh0lNQUbQJ7e2dQCog==","x-goog-stored-content-length":"44875","x-goog-stored-content-encoding":"identity","vary":"Origin","content-length":"0","date":"Mon, 16 Nov 2020 03:34:30 GMT","server":"UploadServer","content-type":"text/html; charset=UTF-8","alt-svc":"h3-Q050=\":443\"; ma=2592000,h3-29=\":443\"; ma=2592000,h3-T051=\":443\"; ma=2592000,h3-Q046=\":443\"; ma=2592000,h3-Q043=\":443\"; ma=2592000,quic=\":443\"; ma=2592000; v=\"46,43\""}
[info] ✔  functions: functions folder uploaded successfully 
[info] i  functions: updating Node.js 10 function addEventToCalendar(us-central1)... 
[debug] [2020-11-16T03:34:30.291Z] Trigger is:  {"httpsTrigger":{}}
[debug] [2020-11-16T03:34:30.294Z] >>> HTTP REQUEST GET https://serviceusage.googleapis.com/v1/projects/e-toto-vaccine/services/cloudscheduler.googleapis.com  
 
[debug] [2020-11-16T03:34:32.539Z] <<< HTTP RESPONSE 200 {"content-type":"application/json; charset=UTF-8","vary":"X-Origin, Referer, Origin,Accept-Encoding","date":"Mon, 16 Nov 2020 03:34:32 GMT","server":"ESF","cache-control":"private","x-xss-protection":"0","x-frame-options":"SAMEORIGIN","x-content-type-options":"nosniff","alt-svc":"h3-Q050=\":443\"; ma=2592000,h3-29=\":443\"; ma=2592000,h3-T051=\":443\"; ma=2592000,h3-Q046=\":443\"; ma=2592000,h3-Q043=\":443\"; ma=2592000,quic=\":443\"; ma=2592000; v=\"46,43\"","accept-ranges":"none","transfer-encoding":"chunked"}
[debug] [2020-11-16T03:34:32.544Z] >>> HTTP REQUEST PATCH https://cloudfunctions.googleapis.com/v1/projects/e-toto-vaccine/locations/us-central1/functions/addEventToCalendar {"updateMask":"sourceUploadUrl,name,labels,runtime,environmentVariables,httpsTrigger"} 
 {"sourceUploadUrl":"https://storage.googleapis.com/gcf-upload-us-central1-3710394d-1b5a-4cd8-a0af-5f3c27ec2f46/f2c9d6f8-d4f0-4d20-a79a-6e88fbc2022a.zip?GoogleAccessId=service-387415949845@gcf-admin-robot.iam.gserviceaccount.com&Expires=1605499468&Signature=F9YjAiMBexF7xuRwNtIM5Li8svFOeJmyHhPHGi3q8Gk2orNJarL5NHNki70V8T4wDvZuydLj5psxA8U9z70DjgZwlDL8ZQzOjxbbAYiv1ClX0aa5cjUvU0X8mtiVxbafa5BJrvkXkKI2reMK2Q0NfQVWUT2%2FLT8CcHv%2BRL8bq9V5NZSQMJhCrDC4ZmNNL%2BMk01dS1Yf6KX45H%2FrgnGLrAxGiX4m6Z7FIkH28binaO%2FTXGFeAqH1U7oSBKsOuDNJ2SV5A%2FLIMGYkql%2BA5GkH6RYQMk7LOdzj75pTmGf2IUuiKSoinfE7TiEe4xu6k2wJnUDyfbtfdGQDOKu68sYDYnA%3D%3D","name":"projects/e-toto-vaccine/locations/us-central1/functions/addEventToCalendar","labels":{"deployment-tool":"cli-firebase"},"httpsTrigger":{},"runtime":"nodejs10","environmentVariables":{"FIREBASE_CONFIG":"{\"projectId\":\"e-toto-vaccine\",\"databaseURL\":\"https://e-toto-vaccine.firebaseio.com\",\"storageBucket\":\"e-toto-vaccine.appspot.com\",\"locationId\":\"us-central\"}"}}
[debug] [2020-11-16T03:34:34.072Z] <<< HTTP RESPONSE 200 {"content-type":"application/json; charset=UTF-8","vary":"X-Origin, Referer, Origin,Accept-Encoding","date":"Mon, 16 Nov 2020 03:34:33 GMT","server":"ESF","cache-control":"private","x-xss-protection":"0","x-frame-options":"SAMEORIGIN","x-content-type-options":"nosniff","alt-svc":"h3-Q050=\":443\"; ma=2592000,h3-29=\":443\"; ma=2592000,h3-T051=\":443\"; ma=2592000,h3-Q046=\":443\"; ma=2592000,h3-Q043=\":443\"; ma=2592000,quic=\":443\"; ma=2592000; v=\"46,43\"","accept-ranges":"none","transfer-encoding":"chunked"}
[debug] [2020-11-16T03:34:34.077Z] >>> HTTP REQUEST GET https://cloudfunctions.googleapis.com/v1/projects/e-toto-vaccine/locations/-/functions  
 
[debug] [2020-11-16T03:34:35.303Z] <<< HTTP RESPONSE 200 {"content-type":"application/json; charset=UTF-8","vary":"X-Origin, Referer, Origin,Accept-Encoding","date":"Mon, 16 Nov 2020 03:34:35 GMT","server":"ESF","cache-control":"private","x-xss-protection":"0","x-frame-options":"SAMEORIGIN","x-content-type-options":"nosniff","alt-svc":"h3-Q050=\":443\"; ma=2592000,h3-29=\":443\"; ma=2592000,h3-T051=\":443\"; ma=2592000,h3-Q046=\":443\"; ma=2592000,h3-Q043=\":443\"; ma=2592000,quic=\":443\"; ma=2592000; v=\"46,43\"","accept-ranges":"none","transfer-encoding":"chunked"}
[debug] [2020-11-16T03:34:35.308Z] >>> HTTP REQUEST GET https://cloudfunctions.googleapis.com/v1/operations/ZS10b3RvLXZhY2NpbmUvdXMtY2VudHJhbDEvYWRkRXZlbnRUb0NhbGVuZGFyL3lPNG5jR3JGQnVz  
 
[debug] [2020-11-16T03:34:36.223Z] <<< HTTP RESPONSE 200 {"content-type":"application/json; charset=UTF-8","vary":"X-Origin, Referer, Origin,Accept-Encoding","date":"Mon, 16 Nov 2020 03:34:36 GMT","server":"ESF","cache-control":"private","x-xss-protection":"0","x-frame-options":"SAMEORIGIN","x-content-type-options":"nosniff","alt-svc":"h3-Q050=\":443\"; ma=2592000,h3-29=\":443\"; ma=2592000,h3-T051=\":443\"; ma=2592000,h3-Q046=\":443\"; ma=2592000,h3-Q043=\":443\"; ma=2592000,quic=\":443\"; ma=2592000; v=\"46,43\"","accept-ranges":"none","transfer-encoding":"chunked"}
[debug] [2020-11-16T03:34:38.227Z] >>> HTTP REQUEST GET https://cloudfunctions.googleapis.com/v1/operations/ZS10b3RvLXZhY2NpbmUvdXMtY2VudHJhbDEvYWRkRXZlbnRUb0NhbGVuZGFyL3lPNG5jR3JGQnVz  
 
[debug] [2020-11-16T03:34:39.092Z] <<< HTTP RESPONSE 200 {"content-type":"application/json; charset=UTF-8","vary":"X-Origin, Referer, Origin,Accept-Encoding","date":"Mon, 16 Nov 2020 03:34:38 GMT","server":"ESF","cache-control":"private","x-xss-protection":"0","x-frame-options":"SAMEORIGIN","x-content-type-options":"nosniff","alt-svc":"h3-Q050=\":443\"; ma=2592000,h3-29=\":443\"; ma=2592000,h3-T051=\":443\"; ma=2592000,h3-Q046=\":443\"; ma=2592000,h3-Q043=\":443\"; ma=2592000,quic=\":443\"; ma=2592000; v=\"46,43\"","accept-ranges":"none","transfer-encoding":"chunked"}
[debug] [2020-11-16T03:34:41.096Z] >>> HTTP REQUEST GET https://cloudfunctions.googleapis.com/v1/operations/ZS10b3RvLXZhY2NpbmUvdXMtY2VudHJhbDEvYWRkRXZlbnRUb0NhbGVuZGFyL3lPNG5jR3JGQnVz  
 
[debug] [2020-11-16T03:34:41.957Z] <<< HTTP RESPONSE 200 {"content-type":"application/json; charset=UTF-8","vary":"X-Origin, Referer, Origin,Accept-Encoding","date":"Mon, 16 Nov 2020 03:34:41 GMT","server":"ESF","cache-control":"private","x-xss-protection":"0","x-frame-options":"SAMEORIGIN","x-content-type-options":"nosniff","alt-svc":"h3-Q050=\":443\"; ma=2592000,h3-29=\":443\"; ma=2592000,h3-T051=\":443\"; ma=2592000,h3-Q046=\":443\"; ma=2592000,h3-Q043=\":443\"; ma=2592000,quic=\":443\"; ma=2592000; v=\"46,43\"","accept-ranges":"none","transfer-encoding":"chunked"}
